# JRE version: Java(TM) SE Runtime Environment (8.0_91-b14) (build 1.8.0_91-b14)
# Java VM: Java HotSpot(TM) Client VM (25.91-b14 mixed mode windows-x86 )
Heap:
 def new generation   total 4928K, used 1013K [0x03800000, 0x03d50000, 0x18d50000)
  eden space 4416K,  11% used [0x03800000, 0x0387d710, 0x03c50000)
  from space 512K,  99% used [0x03cd0000, 0x03d4fff8, 0x03d50000)
  to   space 512K,   0% used [0x03c50000, 0x03c50000, 0x03cd0000)
 tenured generation   total 10944K, used 2961K [0x18d50000, 0x19800000, 0x43800000)
   the space 10944K,  27% used [0x18d50000, 0x190344d0, 0x19034600, 0x19800000)
 Metaspace       used 3272K, capacity 3462K, committed 3520K, reserved 4480K
GC Heap History (6 events):
Event: 0.461 GC heap before
{Heap before GC invocations=0 (full 0):
 def new generation   total 4928K, used 4416K [0x03800000, 0x03d50000, 0x18d50000)
  eden space 4416K, 100% used [0x03800000, 0x03c50000, 0x03c50000)
  from space 512K,   0% used [0x03c50000, 0x03c50000, 0x03cd0000)
  to   space 512K,   0% used [0x03cd0000, 0x03cd0000, 0x03d50000)
 tenured generation   total 10944K, used 0K [0x18d50000, 0x19800000, 0x43800000)
   the space 10944K,   0% used [0x18d50000, 0x18d50000, 0x18d50200, 0x19800000)
 Metaspace       used 2658K, capacity 2886K, committed 3008K, reserved 4480K
Event: 0.465 GC heap after
Heap after GC invocations=1 (full 0):
 def new generation   total 4928K, used 512K [0x03800000, 0x03d50000, 0x18d50000)
  eden space 4416K,   0% used [0x03800000, 0x03800000, 0x03c50000)
  from space 512K, 100% used [0x03cd0000, 0x03d50000, 0x03d50000)
  to   space 512K,   0% used [0x03c50000, 0x03c50000, 0x03cd0000)
 tenured generation   total 10944K, used 844K [0x18d50000, 0x19800000, 0x43800000)
   the space 10944K,   7% used [0x18d50000, 0x18e23380, 0x18e23400, 0x19800000)
 Metaspace       used 2658K, capacity 2886K, committed 3008K, reserved 4480K
}
Event: 0.588 GC heap before
{Heap before GC invocations=1 (full 0):
 def new generation   total 4928K, used 4928K [0x03800000, 0x03d50000, 0x18d50000)
  eden space 4416K, 100% used [0x03800000, 0x03c50000, 0x03c50000)
  from space 512K, 100% used [0x03cd0000, 0x03d50000, 0x03d50000)
  to   space 512K,   0% used [0x03c50000, 0x03c50000, 0x03cd0000)
 tenured generation   total 10944K, used 844K [0x18d50000, 0x19800000, 0x43800000)
   the space 10944K,   7% used [0x18d50000, 0x18e23380, 0x18e23400, 0x19800000)
 Metaspace       used 3248K, capacity 3430K, committed 3520K, reserved 4480K
Event: 0.594 GC heap after
Heap after GC invocations=2 (full 0):
 def new generation   total 4928K, used 512K [0x03800000, 0x03d50000, 0x18d50000)
  eden space 4416K,   0% used [0x03800000, 0x03800000, 0x03c50000)
  from space 512K, 100% used [0x03c50000, 0x03cd0000, 0x03cd0000)
  to   space 512K,   0% used [0x03cd0000, 0x03cd0000, 0x03d50000)
 tenured generation   total 10944K, used 2243K [0x18d50000, 0x19800000, 0x43800000)
   the space 10944K,  20% used [0x18d50000, 0x18f80db8, 0x18f80e00, 0x19800000)
 Metaspace       used 3248K, capacity 3430K, committed 3520K, reserved 4480K
}
Event: 0.668 GC heap before
{Heap before GC invocations=2 (full 0):
 def new generation   total 4928K, used 4928K [0x03800000, 0x03d50000, 0x18d50000)
  eden space 4416K, 100% used [0x03800000, 0x03c50000, 0x03c50000)
  from space 512K, 100% used [0x03c50000, 0x03cd0000, 0x03cd0000)
  to   space 512K,   0% used [0x03cd0000, 0x03cd0000, 0x03d50000)
 tenured generation   total 10944K, used 2243K [0x18d50000, 0x19800000, 0x43800000)
   the space 10944K,  20% used [0x18d50000, 0x18f80db8, 0x18f80e00, 0x19800000)
 Metaspace       used 3271K, capacity 3462K, committed 3520K, reserved 4480K
Event: 0.673 GC heap after
Heap after GC invocations=3 (full 0):
 def new generation   total 4928K, used 511K [0x03800000, 0x03d50000, 0x18d50000)
  eden space 4416K,   0% used [0x03800000, 0x03800000, 0x03c50000)
  from space 512K,  99% used [0x03cd0000, 0x03d4fff8, 0x03d50000)
  to   space 512K,   0% used [0x03c50000, 0x03c50000, 0x03cd0000)
 tenured generation   total 10944K, used 2961K [0x18d50000, 0x19800000, 0x43800000)
   the space 10944K,  27% used [0x18d50000, 0x190344d0, 0x19034600, 0x19800000)
 Metaspace       used 3271K, capacity 3462K, committed 3520K, reserved 4480K
}

